#
# A fatal error has been detected by the Java Runtime Environment:
#
#  EXCEPTION_ACCESS_VIOLATION (0xc0000005) at pc=0x00007ffb1362409c, pid=21652, tid=12312
#
# JRE version: Java(TM) SE Runtime Environment (18.0.2+9) (build 18.0.2+9-61)
# Java VM: Java HotSpot(TM) 64-Bit Server VM (18.0.2+9-61, mixed mode, sharing, tiered, compressed oops, compressed class ptrs, g1 gc, windows-amd64)
# Problematic frame:
# C  [igxelpicd64.dll+0xd409c]
#
# No core dump will be written. Minidumps are not enabled by default on client versions of Windows
#
# If you would like to submit a bug report, please visit:
#   https://bugreport.java.com/bugreport/crash.jsp
#

---------------  S U M M A R Y ------------

Command Line: -agentlib:jdwp=transport=dt_socket,server=n,suspend=y,address=localhost:53924 -XX:+ShowCodeDetailsInExceptionMessages main.Launcher

Host: 11th Gen Intel(R) Core(TM) i7-11800H @ 2.30GHz, 16 cores, 15G,  Windows 11 , 64 bit Build 22000 (10.0.22000.708)
Time: Thu Aug 25 11:05:32 2022 Eastern Daylight Time elapsed time: 3.046396 seconds (0d 0h 0m 3s)

---------------  T H R E A D  ---------------

Current thread (0x0000028e22fdb210):  VMThread "VM Thread" [stack: 0x000000bfb7100000,0x000000bfb7200000] [id=12312]

Stack: [0x000000bfb7100000,0x000000bfb7200000],  sp=0x000000bfb71fe360,  free space=1016k
Native frames: (J=compiled Java code, j=interpreted, Vv=VM code, C=native code)
C  [igxelpicd64.dll+0xd409c]


siginfo: EXCEPTION_ACCESS_VIOLATION (0xc0000005), reading address 0x00000000000356f8


Register to memory mapping:

RIP=0x00007ffb1362409c igxelpicd64.dll
RAX=0x0000028e5f6c1268 points into unknown readable memory: 0x000000000000440b | 0b 44 00 00 00 00 00 00
RBX=0x0000028e5f6c10d0 points into unknown readable memory: 0x0000028e4d6e2400 | 00 24 6e 4d 8e 02 00 00
RCX=0x0 is NULL
RDX=0x0000000000000002 is an unknown value
RSP=0x000000bfb71fe360 points into unknown readable memory: 0x0000028e541bd650 | 50 d6 1b 54 8e 02 00 00
RBP=0x0 is NULL
RSI=0x0000028e5f6c16a0 points into unknown readable memory: 0x0000028e5f6c0a40 | 40 0a 6c 5f 8e 02 00 00
RDI=0x0000028e5453cca0 points into unknown readable memory: 0x0000000000000000 | 00 00 00 00 00 00 00 00
R8 =0x0000000000000014 is an unknown value
R9 =0x0 is NULL
R10=0x0 is NULL
R11=0x0 is NULL
R12=0x0 is NULL
R13=0x0000028e5f6c0a40 points into unknown readable memory: 0x0000028e4d6e2400 | 00 24 6e 4d 8e 02 00 00
R14=0x0000000000004400 is an unknown value
R15=0x0000000000000016 is an unknown value


Registers:
RAX=0x0000028e5f6c1268, RBX=0x0000028e5f6c10d0, RCX=0x0000000000000000, RDX=0x0000000000000002
RSP=0x000000bfb71fe360, RBP=0x0000000000000000, RSI=0x0000028e5f6c16a0, RDI=0x0000028e5453cca0
R8 =0x0000000000000014, R9 =0x0000000000000000, R10=0x0000000000000000, R11=0x0000000000000000
R12=0x0000000000000000, R13=0x0000028e5f6c0a40, R14=0x0000000000004400, R15=0x0000000000000016
RIP=0x00007ffb1362409c, EFLAGS=0x0000000000010202

Top of Stack: (sp=0x000000bfb71fe360)
0x000000bfb71fe360:   0000028e541bd650 0000000000000000
0x000000bfb71fe370:   0000028e22da0000 00007ffbb6f67f84
0x000000bfb71fe380:   0000000000002000 00007ffbb6f5a199
0x000000bfb71fe390:   000000bfb71fe400 00007ffbb6f56641
0x000000bfb71fe3a0:   0000028e59c0f438 0000000000004425
0x000000bfb71fe3b0:   0000000000000000 000000000000001f
0x000000bfb71fe3c0:   0000000000000000 0000000000000000
0x000000bfb71fe3d0:   000000bfb71fe4e0 00007ffb135f1c8c
0x000000bfb71fe3e0:   0000028e541bd650 0000028e5453cca0
0x000000bfb71fe3f0:   000000bfb71fe500 00007ffbb6f56600
0x000000bfb71fe400:   000000bf00000f20 0000b80214d40000
0x000000bfb71fe410:   0000000000000000 000000bfb71fe5e8
0x000000bfb71fe420:   00000000000000c0 0000028e22b40b4c
0x000000bfb71fe430:   000000bfb71fe540 000000bfb71fe7c0
0x000000bfb71fe440:   000000bfb67f7000 00007ffb1360ea40
0x000000bfb71fe450:   0000028e22b30000 0000000000000002 

Instructions: (pc=0x00007ffb1362409c)
0x00007ffb13623f9c:   ec 40 45 8a e1 48 8b fa 48 8b e9 48 8b 1d d2 9c
0x00007ffb13623fac:   e5 00 48 89 58 08 48 8b cb ff 15 55 21 9f 00 90
0x00007ffb13623fbc:   4c 8b af 78 02 00 00 48 8b 05 26 7f d5 00 44 8b
0x00007ffb13623fcc:   b8 40 0b 00 00 45 33 db 45 8a f3 4c 89 9f 78 02
0x00007ffb13623fdc:   00 00 44 89 9f 80 02 00 00 4c 89 9f 98 02 00 00
0x00007ffb13623fec:   4c 89 9f 88 02 00 00 48 85 ed 75 38 8b 35 da 76
0x00007ffb13623ffc:   e5 00 65 48 8b 04 25 58 00 00 00 b9 14 00 00 00
0x00007ffb1362400c:   48 8b 04 f0 44 38 1c 01 0f 84 8b 1a 8b 00 65 48
0x00007ffb1362401c:   8b 04 25 58 00 00 00 bd 20 00 00 00 48 8b 04 f0
0x00007ffb1362402c:   48 8b 2c 28 48 3b 2d c9 9b e5 00 45 0f 44 fb 4d
0x00007ffb1362403c:   85 ed 0f 84 21 01 00 00 44 8a a4 24 90 00 00 00
0x00007ffb1362404c:   49 8b dd 49 8d b5 d0 05 00 00 4c 8b 2e 45 84 e4
0x00007ffb1362405c:   0f 85 2a 03 00 00 8b 97 c8 01 00 00 48 8b 05 81
0x00007ffb1362406c:   7e d5 00 83 b8 78 03 00 00 02 75 31 83 fa 10 0f
0x00007ffb1362407c:   83 17 01 00 00 48 8d 04 d5 21 00 00 00 48 03 c2
0x00007ffb1362408c:   48 8d 04 c3 48 85 c0 0f 85 2e 01 00 00 49 8b cb
0x00007ffb1362409c:   48 3b 8d f8 56 03 00 0f 87 f3 02 00 00 4c 39 9b
0x00007ffb136240ac:   48 06 00 00 0f 85 2f 1a 8b 00 44 8b 97 c8 01 00
0x00007ffb136240bc:   00 48 8b 87 e0 01 00 00 4c 8b 08 8b 97 c8 01 00
0x00007ffb136240cc:   00 83 fa 10 0f 83 03 01 00 00 48 8d 04 d5 21 00
0x00007ffb136240dc:   00 00 48 03 c2 48 8d 04 c3 48 85 c0 0f 85 e2 00
0x00007ffb136240ec:   00 00 49 8b cb 49 3b c9 0f 86 0e 01 00 00 48 8b
0x00007ffb136240fc:   87 78 02 00 00 48 89 06 48 89 9f 78 02 00 00 ff
0x00007ffb1362410c:   87 80 02 00 00 48 8b 43 08 48 8b 88 18 01 00 00
0x00007ffb1362411c:   48 81 e1 00 00 ff ff 48 81 c1 00 00 01 00 48 01
0x00007ffb1362412c:   8f 88 02 00 00 48 8b 43 08 48 8b 88 18 01 00 00
0x00007ffb1362413c:   48 01 8f 98 02 00 00 4d 85 ed 0f 85 00 ff ff ff
0x00007ffb1362414c:   45 84 f6 44 8a a4 24 98 00 00 00 0f 85 82 03 00
0x00007ffb1362415c:   00 48 8b 9c 24 80 00 00 00 48 8b cf 45 84 e4 0f
0x00007ffb1362416c:   85 8a 03 00 00 e8 fa f9 ff ff 90 48 8b cb 48 8b
0x00007ffb1362417c:   9c 24 88 00 00 00 48 83 c4 40 41 5f 41 5e 41 5d
0x00007ffb1362418c:   41 5c 5f 5e 5d 48 ff 25 80 1f 9f 00 8d 4a f0 8b 


Stack slot to memory mapping:
stack at sp + 0 slots: 0x0000028e541bd650 points into unknown readable memory: 0xffffffffffffffff | ff ff ff ff ff ff ff ff
stack at sp + 1 slots: 0x0 is NULL
stack at sp + 2 slots: 0x0000028e22da0000 points into unknown readable memory: 0x0000000000000000 | 00 00 00 00 00 00 00 00
stack at sp + 3 slots: 0x00007ffbb6f67f84 ntdll.dll
stack at sp + 4 slots: 0x0000000000002000 is an unknown value
stack at sp + 5 slots: 0x00007ffbb6f5a199 ntdll.dll
stack at sp + 6 slots: 0x000000bfb71fe400 points into unknown readable memory: 0x000000bf00000f20 | 20 0f 00 00 bf 00 00 00
stack at sp + 7 slots: 0x00007ffbb6f56641 ntdll.dll

VM_Operation (0x000000bfb9b8e8e0): Exit, mode: safepoint, requested by thread 0x0000028e4c9f6010


---------------  P R O C E S S  ---------------

Threads class SMR info:
_java_thread_list=0x0000028e59dae3d0, length=22, elements={
0x0000028e47c55750, 0x0000028e47c560f0, 0x0000028e47c72420, 0x0000028e47c72dc0,
0x0000028e47c75770, 0x0000028e47c76110, 0x0000028e47c7fb30, 0x0000028e47c8dd30,
0x0000028e47c9a560, 0x0000028e47c8d310, 0x0000028e47c8c8f0, 0x0000028e4c946df0,
0x0000028e4c94a8e0, 0x0000028e4c94adc0, 0x0000028e4c950ad0, 0x0000028e4c952600,
0x0000028e4d101be0, 0x0000028e545bf230, 0x0000028e4c9f6010, 0x0000028e4c9f7820,
0x0000028e47c8b4b0, 0x0000028e5f8c8870
}

Java Threads: ( => current thread )
  0x0000028e47c55750 JavaThread "Reference Handler" daemon [_thread_blocked, id=28384, stack(0x000000bfb7200000,0x000000bfb7300000)]
  0x0000028e47c560f0 JavaThread "Finalizer" daemon [_thread_blocked, id=26368, stack(0x000000bfb7300000,0x000000bfb7400000)]
  0x0000028e47c72420 JavaThread "Signal Dispatcher" daemon [_thread_blocked, id=6076, stack(0x000000bfb7400000,0x000000bfb7500000)]
  0x0000028e47c72dc0 JavaThread "Attach Listener" daemon [_thread_blocked, id=22384, stack(0x000000bfb7500000,0x000000bfb7600000)]
  0x0000028e47c75770 JavaThread "Service Thread" daemon [_thread_blocked, id=14080, stack(0x000000bfb7600000,0x000000bfb7700000)]
  0x0000028e47c76110 JavaThread "Monitor Deflation Thread" daemon [_thread_blocked, id=20120, stack(0x000000bfb7700000,0x000000bfb7800000)]
  0x0000028e47c7fb30 JavaThread "C2 CompilerThread0" daemon [_thread_blocked, id=26240, stack(0x000000bfb7800000,0x000000bfb7900000)]
  0x0000028e47c8dd30 JavaThread "C1 CompilerThread0" daemon [_thread_blocked, id=15012, stack(0x000000bfb7900000,0x000000bfb7a00000)]
  0x0000028e47c9a560 JavaThread "Sweeper thread" daemon [_thread_blocked, id=30232, stack(0x000000bfb7a00000,0x000000bfb7b00000)]
  0x0000028e47c8d310 JavaThread "C1 CompilerThread1" daemon [_thread_blocked, id=19680, stack(0x000000bfb7b00000,0x000000bfb7c00000)]
  0x0000028e47c8c8f0 JavaThread "C1 CompilerThread2" daemon [_thread_blocked, id=29728, stack(0x000000bfb7c00000,0x000000bfb7d00000)]
  0x0000028e4c946df0 JavaThread "JDWP Transport Listener: dt_socket" daemon [_thread_blocked, id=27256, stack(0x000000bfb7d00000,0x000000bfb7e00000)]
  0x0000028e4c94a8e0 JavaThread "JDWP Event Helper Thread" daemon [_thread_blocked, id=16360, stack(0x000000bfb7e00000,0x000000bfb7f00000)]
  0x0000028e4c94adc0 JavaThread "JDWP Command Reader" daemon [_thread_blocked, id=26092, stack(0x000000bfb7f00000,0x000000bfb8000000)]
  0x0000028e4c950ad0 JavaThread "Notification Thread" daemon [_thread_blocked, id=28032, stack(0x000000bfb8000000,0x000000bfb8100000)]
  0x0000028e4c952600 JavaThread "Common-Cleaner" daemon [_thread_blocked, id=12388, stack(0x000000bfb8200000,0x000000bfb8300000)]
  0x0000028e4d101be0 JavaThread "Java2D Disposer" daemon [_thread_blocked, id=8460, stack(0x000000bfb8300000,0x000000bfb8400000)]
  0x0000028e545bf230 JavaThread "HighResTimerThread" daemon [_thread_blocked, id=26168, stack(0x000000bfb9890000,0x000000bfb9990000)]
  0x0000028e4c9f6010 JavaThread "main-FPSAWTAnimator#00-Timer0" [_thread_blocked, id=10168, stack(0x000000bfb9a90000,0x000000bfb9b90000)]
  0x0000028e4c9f7820 JavaThread "DestroyJavaVM" [_thread_blocked, id=29256, stack(0x000000bfb6b00000,0x000000bfb6c00000)]
  0x0000028e47c8b4b0 JavaThread "C1 CompilerThread3" daemon [_thread_blocked, id=1212, stack(0x000000bfb8400000,0x000000bfb8500000)]
  0x0000028e5f8c8870 JavaThread "AWT-Shutdown" [_thread_blocked, id=24412, stack(0x000000bfb9c90000,0x000000bfb9d90000)]

Other Threads:
=>0x0000028e22fdb210 VMThread "VM Thread" [stack: 0x000000bfb7100000,0x000000bfb7200000] [id=12312]
  0x0000028e22fb9140 WorkerThread "GC Thread#0" [stack: 0x000000bfb6c00000,0x000000bfb6d00000] [id=19252]
  0x0000028e4d0e6f80 WorkerThread "GC Thread#1" [stack: 0x000000bfb9090000,0x000000bfb9190000] [id=18084]
  0x0000028e4d0e5fc0 WorkerThread "GC Thread#2" [stack: 0x000000bfb9190000,0x000000bfb9290000] [id=19632]
  0x0000028e4d0e6500 WorkerThread "GC Thread#3" [stack: 0x000000bfb9290000,0x000000bfb9390000] [id=23292]
  0x0000028e4d0e6260 WorkerThread "GC Thread#4" [stack: 0x000000bfb9390000,0x000000bfb9490000] [id=1484]
  0x0000028e4d0e67a0 WorkerThread "GC Thread#5" [stack: 0x000000bfb9490000,0x000000bfb9590000] [id=18872]
  0x0000028e5452ef40 WorkerThread "GC Thread#6" [stack: 0x000000bfb9590000,0x000000bfb9690000] [id=18268]
  0x0000028e5452f9c0 WorkerThread "GC Thread#7" [stack: 0x000000bfb9690000,0x000000bfb9790000] [id=21496]
  0x0000028e54530ec0 WorkerThread "GC Thread#8" [stack: 0x000000bfb9790000,0x000000bfb9890000] [id=21252]
  0x0000028e54532120 WorkerThread "GC Thread#9" [stack: 0x000000bfb9d90000,0x000000bfb9e90000] [id=29684]
  0x0000028e54532900 WorkerThread "GC Thread#10" [stack: 0x000000bfb9e90000,0x000000bfb9f90000] [id=23532]
  0x0000028e54531940 WorkerThread "GC Thread#11" [stack: 0x000000bfb9f90000,0x000000bfba090000] [id=6596]
  0x0000028e54530440 WorkerThread "GC Thread#12" [stack: 0x000000bfba090000,0x000000bfba190000] [id=29344]
  0x0000028e22fc9b70 ConcurrentGCThread "G1 Main Marker" terminated
  0x0000028e22fcb5d0 WorkerThread "G1 Conc#0" [stack: 0x000000bfb6e00000,0x000000bfb6f00000] [id=7652]
  0x0000028e23008b10 ConcurrentGCThread "G1 Refine#0" terminated
  0x0000028e4d52dba0 ConcurrentGCThread "G1 Refine#1" terminated
  0x0000028e4d52e6e0 ConcurrentGCThread "G1 Refine#2" terminated
  0x0000028e4d52d060 ConcurrentGCThread "G1 Refine#3" terminated
  0x0000028e4d52de70 ConcurrentGCThread "G1 Refine#4" terminated
  0x0000028e2300a2d0 ConcurrentGCThread "G1 Service" terminated

Threads with active compile tasks:

VM state: at safepoint (shutting down)

VM Mutex/Monitor currently owned by a thread:  ([mutex/lock_event])
[0x0000028e22f45140] Threads_lock - owner thread: 0x0000028e22fdb210
[0x0000028e22f451d0] Heap_lock - owner thread: 0x0000028e4c9f6010

Heap address: 0x0000000704000000, size: 4032 MB, Compressed Oops mode: Zero based, Oop shift amount: 3

CDS archive(s) mapped at: [0x0000000800000000-0x0000000800ba0000-0x0000000800ba0000), size 12189696, SharedBaseAddress: 0x0000000800000000, ArchiveRelocationMode: 0.
Compressed class space mapped at: 0x0000000800c00000-0x0000000840c00000, reserved size: 1073741824
Narrow klass base: 0x0000000800000000, Narrow klass shift: 0, Narrow klass range: 0x100000000

GC Precious Log:
 CardTable entry size: 512
 Card Set container configuration: InlinePtr #cards 4 size 8 Array Of Cards #cards 16 size 48 Howl #buckets 8 coarsen threshold 3686 Howl Bitmap #cards 512 size 80 coarsen threshold 460 Card regions per heap region 1 cards per card region 4096
 CPUs: 16 total, 16 available
 Memory: 16125M
 Large Page Support: Disabled
 NUMA Support: Disabled
 Compressed Oops: Enabled (Zero based)
 Heap Region Size: 2M
 Heap Min Capacity: 8M
 Heap Initial Capacity: 252M
 Heap Max Capacity: 4032M
 Pre-touch: Disabled
 Parallel Workers: 13
 Concurrent Workers: 3
 Concurrent Refinement Workers: 13
 Periodic GC: Disabled

Heap:
 garbage-first heap   total 258048K, used 38887K [0x0000000704000000, 0x0000000800000000)
  region size 2048K, 11 young (22528K), 3 survivors (6144K)
 Metaspace       used 15049K, committed 15232K, reserved 1114112K
  class space    used 1073K, committed 1152K, reserved 1048576K

Heap Regions: E=young(eden), S=young(survivor), O=old, HS=humongous(starts), HC=humongous(continues), CS=collection set, F=free, OA=open archive, CA=closed archive, TAMS=top-at-mark-start (previous, next)
|   0|0x0000000704000000, 0x0000000704200000, 0x0000000704200000|100%|HS|  |TAMS 0x0000000704000000, 0x0000000704000000| Complete 
|   1|0x0000000704200000, 0x0000000704400000, 0x0000000704400000|100%|HC|  |TAMS 0x0000000704200000, 0x0000000704200000| Complete 
|   2|0x0000000704400000, 0x0000000704600000, 0x0000000704600000|100%|HC|  |TAMS 0x0000000704400000, 0x0000000704400000| Complete 
|   3|0x0000000704600000, 0x0000000704800000, 0x0000000704800000|100%|HS|  |TAMS 0x0000000704600000, 0x0000000704600000| Complete 
|   4|0x0000000704800000, 0x0000000704a00000, 0x0000000704a00000|100%|HC|  |TAMS 0x0000000704800000, 0x0000000704800000| Complete 
|   5|0x0000000704a00000, 0x0000000704c00000, 0x0000000704c00000|100%|HC|  |TAMS 0x0000000704a00000, 0x0000000704a00000| Complete 
|   6|0x0000000704c00000, 0x0000000704e00000, 0x0000000704e00000|100%| O|  |TAMS 0x0000000704c00000, 0x0000000704c00000| Untracked 
|   7|0x0000000704e00000, 0x0000000705000000, 0x0000000705000000|100%| O|  |TAMS 0x0000000704e00000, 0x0000000704e00000| Untracked 
|   8|0x0000000705000000, 0x00000007051f9c00, 0x0000000705200000| 98%| O|  |TAMS 0x0000000705000000, 0x0000000705000000| Untracked 
|   9|0x0000000705200000, 0x0000000705200000, 0x0000000705400000|  0%| F|  |TAMS 0x0000000705200000, 0x0000000705200000| Untracked 
|  10|0x0000000705400000, 0x0000000705400000, 0x0000000705600000|  0%| F|  |TAMS 0x0000000705400000, 0x0000000705400000| Untracked 
|  11|0x0000000705600000, 0x0000000705600000, 0x0000000705800000|  0%| F|  |TAMS 0x0000000705600000, 0x0000000705600000| Untracked 
|  12|0x0000000705800000, 0x0000000705800000, 0x0000000705a00000|  0%| F|  |TAMS 0x0000000705800000, 0x0000000705800000| Untracked 
|  13|0x0000000705a00000, 0x0000000705a00000, 0x0000000705c00000|  0%| F|  |TAMS 0x0000000705a00000, 0x0000000705a00000| Untracked 
|  14|0x0000000705c00000, 0x0000000705c00000, 0x0000000705e00000|  0%| F|  |TAMS 0x0000000705c00000, 0x0000000705c00000| Untracked 
|  15|0x0000000705e00000, 0x0000000705e00000, 0x0000000706000000|  0%| F|  |TAMS 0x0000000705e00000, 0x0000000705e00000| Untracked 
|  16|0x0000000706000000, 0x0000000706000000, 0x0000000706200000|  0%| F|  |TAMS 0x0000000706000000, 0x0000000706000000| Untracked 
|  17|0x0000000706200000, 0x0000000706200000, 0x0000000706400000|  0%| F|  |TAMS 0x0000000706200000, 0x0000000706200000| Untracked 
|  18|0x0000000706400000, 0x0000000706400000, 0x0000000706600000|  0%| F|  |TAMS 0x0000000706400000, 0x0000000706400000| Untracked 
|  19|0x0000000706600000, 0x0000000706600000, 0x0000000706800000|  0%| F|  |TAMS 0x0000000706600000, 0x0000000706600000| Untracked 
|  20|0x0000000706800000, 0x0000000706800000, 0x0000000706a00000|  0%| F|  |TAMS 0x0000000706800000, 0x0000000706800000| Untracked 
|  21|0x0000000706a00000, 0x0000000706a00000, 0x0000000706c00000|  0%| F|  |TAMS 0x0000000706a00000, 0x0000000706a00000| Untracked 
|  22|0x0000000706c00000, 0x0000000706c00000, 0x0000000706e00000|  0%| F|  |TAMS 0x0000000706c00000, 0x0000000706c00000| Untracked 
|  23|0x0000000706e00000, 0x0000000706e00000, 0x0000000707000000|  0%| F|  |TAMS 0x0000000706e00000, 0x0000000706e00000| Untracked 
|  24|0x0000000707000000, 0x0000000707000000, 0x0000000707200000|  0%| F|  |TAMS 0x0000000707000000, 0x0000000707000000| Untracked 
|  25|0x0000000707200000, 0x0000000707200000, 0x0000000707400000|  0%| F|  |TAMS 0x0000000707200000, 0x0000000707200000| Untracked 
|  26|0x0000000707400000, 0x0000000707400000, 0x0000000707600000|  0%| F|  |TAMS 0x0000000707400000, 0x0000000707400000| Untracked 
|  27|0x0000000707600000, 0x0000000707600000, 0x0000000707800000|  0%| F|  |TAMS 0x0000000707600000, 0x0000000707600000| Untracked 
|  28|0x0000000707800000, 0x0000000707800000, 0x0000000707a00000|  0%| F|  |TAMS 0x0000000707800000, 0x0000000707800000| Untracked 
|  29|0x0000000707a00000, 0x0000000707a00000, 0x0000000707c00000|  0%| F|  |TAMS 0x0000000707a00000, 0x0000000707a00000| Untracked 
|  30|0x0000000707c00000, 0x0000000707c00000, 0x0000000707e00000|  0%| F|  |TAMS 0x0000000707c00000, 0x0000000707c00000| Untracked 
|  31|0x0000000707e00000, 0x0000000707e00000, 0x0000000708000000|  0%| F|  |TAMS 0x0000000707e00000, 0x0000000707e00000| Untracked 
|  32|0x0000000708000000, 0x0000000708000000, 0x0000000708200000|  0%| F|  |TAMS 0x0000000708000000, 0x0000000708000000| Untracked 
|  33|0x0000000708200000, 0x0000000708200000, 0x0000000708400000|  0%| F|  |TAMS 0x0000000708200000, 0x0000000708200000| Untracked 
|  34|0x0000000708400000, 0x0000000708400000, 0x0000000708600000|  0%| F|  |TAMS 0x0000000708400000, 0x0000000708400000| Untracked 
|  35|0x0000000708600000, 0x0000000708600000, 0x0000000708800000|  0%| F|  |TAMS 0x0000000708600000, 0x0000000708600000| Untracked 
|  36|0x0000000708800000, 0x0000000708800000, 0x0000000708a00000|  0%| F|  |TAMS 0x0000000708800000, 0x0000000708800000| Untracked 
|  37|0x0000000708a00000, 0x0000000708a00000, 0x0000000708c00000|  0%| F|  |TAMS 0x0000000708a00000, 0x0000000708a00000| Untracked 
|  38|0x0000000708c00000, 0x0000000708c00000, 0x0000000708e00000|  0%| F|  |TAMS 0x0000000708c00000, 0x0000000708c00000| Untracked 
|  39|0x0000000708e00000, 0x0000000708e00000, 0x0000000709000000|  0%| F|  |TAMS 0x0000000708e00000, 0x0000000708e00000| Untracked 
|  40|0x0000000709000000, 0x0000000709000000, 0x0000000709200000|  0%| F|  |TAMS 0x0000000709000000, 0x0000000709000000| Untracked 
|  41|0x0000000709200000, 0x0000000709200000, 0x0000000709400000|  0%| F|  |TAMS 0x0000000709200000, 0x0000000709200000| Untracked 
|  42|0x0000000709400000, 0x0000000709400000, 0x0000000709600000|  0%| F|  |TAMS 0x0000000709400000, 0x0000000709400000| Untracked 
|  43|0x0000000709600000, 0x0000000709600000, 0x0000000709800000|  0%| F|  |TAMS 0x0000000709600000, 0x0000000709600000| Untracked 
|  44|0x0000000709800000, 0x0000000709800000, 0x0000000709a00000|  0%| F|  |TAMS 0x0000000709800000, 0x0000000709800000| Untracked 
|  45|0x0000000709a00000, 0x0000000709a00000, 0x0000000709c00000|  0%| F|  |TAMS 0x0000000709a00000, 0x0000000709a00000| Untracked 
|  46|0x0000000709c00000, 0x0000000709c00000, 0x0000000709e00000|  0%| F|  |TAMS 0x0000000709c00000, 0x0000000709c00000| Untracked 
|  47|0x0000000709e00000, 0x0000000709e00000, 0x000000070a000000|  0%| F|  |TAMS 0x0000000709e00000, 0x0000000709e00000| Untracked 
|  48|0x000000070a000000, 0x000000070a000000, 0x000000070a200000|  0%| F|  |TAMS 0x000000070a000000, 0x000000070a000000| Untracked 
|  49|0x000000070a200000, 0x000000070a200000, 0x000000070a400000|  0%| F|  |TAMS 0x000000070a200000, 0x000000070a200000| Untracked 
|  50|0x000000070a400000, 0x000000070a400000, 0x000000070a600000|  0%| F|  |TAMS 0x000000070a400000, 0x000000070a400000| Untracked 
|  51|0x000000070a600000, 0x000000070a600000, 0x000000070a800000|  0%| F|  |TAMS 0x000000070a600000, 0x000000070a600000| Untracked 
|  52|0x000000070a800000, 0x000000070a800000, 0x000000070aa00000|  0%| F|  |TAMS 0x000000070a800000, 0x000000070a800000| Untracked 
|  53|0x000000070aa00000, 0x000000070aa00000, 0x000000070ac00000|  0%| F|  |TAMS 0x000000070aa00000, 0x000000070aa00000| Untracked 
|  54|0x000000070ac00000, 0x000000070ac00000, 0x000000070ae00000|  0%| F|  |TAMS 0x000000070ac00000, 0x000000070ac00000| Untracked 
|  55|0x000000070ae00000, 0x000000070ae00000, 0x000000070b000000|  0%| F|  |TAMS 0x000000070ae00000, 0x000000070ae00000| Untracked 
|  56|0x000000070b000000, 0x000000070b000000, 0x000000070b200000|  0%| F|  |TAMS 0x000000070b000000, 0x000000070b000000| Untracked 
|  57|0x000000070b200000, 0x000000070b200000, 0x000000070b400000|  0%| F|  |TAMS 0x000000070b200000, 0x000000070b200000| Untracked 
|  58|0x000000070b400000, 0x000000070b400000, 0x000000070b600000|  0%| F|  |TAMS 0x000000070b400000, 0x000000070b400000| Untracked 
|  59|0x000000070b600000, 0x000000070b600000, 0x000000070b800000|  0%| F|  |TAMS 0x000000070b600000, 0x000000070b600000| Untracked 
|  60|0x000000070b800000, 0x000000070b800000, 0x000000070ba00000|  0%| F|  |TAMS 0x000000070b800000, 0x000000070b800000| Untracked 
|  61|0x000000070ba00000, 0x000000070ba00000, 0x000000070bc00000|  0%| F|  |TAMS 0x000000070ba00000, 0x000000070ba00000| Untracked 
|  62|0x000000070bc00000, 0x000000070bc00000, 0x000000070be00000|  0%| F|  |TAMS 0x000000070bc00000, 0x000000070bc00000| Untracked 
|  63|0x000000070be00000, 0x000000070be00000, 0x000000070c000000|  0%| F|  |TAMS 0x000000070be00000, 0x000000070be00000| Untracked 
|  64|0x000000070c000000, 0x000000070c000000, 0x000000070c200000|  0%| F|  |TAMS 0x000000070c000000, 0x000000070c000000| Untracked 
|  65|0x000000070c200000, 0x000000070c200000, 0x000000070c400000|  0%| F|  |TAMS 0x000000070c200000, 0x000000070c200000| Untracked 
|  66|0x000000070c400000, 0x000000070c400000, 0x000000070c600000|  0%| F|  |TAMS 0x000000070c400000, 0x000000070c400000| Untracked 
|  67|0x000000070c600000, 0x000000070c600000, 0x000000070c800000|  0%| F|  |TAMS 0x000000070c600000, 0x000000070c600000| Untracked 
|  68|0x000000070c800000, 0x000000070c800000, 0x000000070ca00000|  0%| F|  |TAMS 0x000000070c800000, 0x000000070c800000| Untracked 
|  69|0x000000070ca00000, 0x000000070ca00000, 0x000000070cc00000|  0%| F|  |TAMS 0x000000070ca00000, 0x000000070ca00000| Untracked 
|  70|0x000000070cc00000, 0x000000070cc00000, 0x000000070ce00000|  0%| F|  |TAMS 0x000000070cc00000, 0x000000070cc00000| Untracked 
|  71|0x000000070ce00000, 0x000000070ce00000, 0x000000070d000000|  0%| F|  |TAMS 0x000000070ce00000, 0x000000070ce00000| Untracked 
|  72|0x000000070d000000, 0x000000070d000000, 0x000000070d200000|  0%| F|  |TAMS 0x000000070d000000, 0x000000070d000000| Untracked 
|  73|0x000000070d200000, 0x000000070d200000, 0x000000070d400000|  0%| F|  |TAMS 0x000000070d200000, 0x000000070d200000| Untracked 
|  74|0x000000070d400000, 0x000000070d400000, 0x000000070d600000|  0%| F|  |TAMS 0x000000070d400000, 0x000000070d400000| Untracked 
|  75|0x000000070d600000, 0x000000070d600000, 0x000000070d800000|  0%| F|  |TAMS 0x000000070d600000, 0x000000070d600000| Untracked 
|  76|0x000000070d800000, 0x000000070d800000, 0x000000070da00000|  0%| F|  |TAMS 0x000000070d800000, 0x000000070d800000| Untracked 
|  77|0x000000070da00000, 0x000000070da00000, 0x000000070dc00000|  0%| F|  |TAMS 0x000000070da00000, 0x000000070da00000| Untracked 
|  78|0x000000070dc00000, 0x000000070dc00000, 0x000000070de00000|  0%| F|  |TAMS 0x000000070dc00000, 0x000000070dc00000| Untracked 
|  79|0x000000070de00000, 0x000000070de00000, 0x000000070e000000|  0%| F|  |TAMS 0x000000070de00000, 0x000000070de00000| Untracked 
|  80|0x000000070e000000, 0x000000070e000000, 0x000000070e200000|  0%| F|  |TAMS 0x000000070e000000, 0x000000070e000000| Untracked 
|  81|0x000000070e200000, 0x000000070e200000, 0x000000070e400000|  0%| F|  |TAMS 0x000000070e200000, 0x000000070e200000| Untracked 
|  82|0x000000070e400000, 0x000000070e400000, 0x000000070e600000|  0%| F|  |TAMS 0x000000070e400000, 0x000000070e400000| Untracked 
|  83|0x000000070e600000, 0x000000070e600000, 0x000000070e800000|  0%| F|  |TAMS 0x000000070e600000, 0x000000070e600000| Untracked 
|  84|0x000000070e800000, 0x000000070e800000, 0x000000070ea00000|  0%| F|  |TAMS 0x000000070e800000, 0x000000070e800000| Untracked 
|  85|0x000000070ea00000, 0x000000070ea00000, 0x000000070ec00000|  0%| F|  |TAMS 0x000000070ea00000, 0x000000070ea00000| Untracked 
|  86|0x000000070ec00000, 0x000000070ec00000, 0x000000070ee00000|  0%| F|  |TAMS 0x000000070ec00000, 0x000000070ec00000| Untracked 
|  87|0x000000070ee00000, 0x000000070ee00000, 0x000000070f000000|  0%| F|  |TAMS 0x000000070ee00000, 0x000000070ee00000| Untracked 
|  88|0x000000070f000000, 0x000000070f000000, 0x000000070f200000|  0%| F|  |TAMS 0x000000070f000000, 0x000000070f000000| Untracked 
|  89|0x000000070f200000, 0x000000070f200000, 0x000000070f400000|  0%| F|  |TAMS 0x000000070f200000, 0x000000070f200000| Untracked 
|  90|0x000000070f400000, 0x000000070f400000, 0x000000070f600000|  0%| F|  |TAMS 0x000000070f400000, 0x000000070f400000| Untracked 
|  91|0x000000070f600000, 0x000000070f600000, 0x000000070f800000|  0%| F|  |TAMS 0x000000070f600000, 0x000000070f600000| Untracked 
|  92|0x000000070f800000, 0x000000070f800000, 0x000000070fa00000|  0%| F|  |TAMS 0x000000070f800000, 0x000000070f800000| Untracked 
|  93|0x000000070fa00000, 0x000000070fa00000, 0x000000070fc00000|  0%| F|  |TAMS 0x000000070fa00000, 0x000000070fa00000| Untracked 
|  94|0x000000070fc00000, 0x000000070fc00000, 0x000000070fe00000|  0%| F|  |TAMS 0x000000070fc00000, 0x000000070fc00000| Untracked 
|  95|0x000000070fe00000, 0x000000070fe00000, 0x0000000710000000|  0%| F|  |TAMS 0x000000070fe00000, 0x000000070fe00000| Untracked 
|  96|0x0000000710000000, 0x0000000710000000, 0x0000000710200000|  0%| F|  |TAMS 0x0000000710000000, 0x0000000710000000| Untracked 
|  97|0x0000000710200000, 0x0000000710200000, 0x0000000710400000|  0%| F|  |TAMS 0x0000000710200000, 0x0000000710200000| Untracked 
|  98|0x0000000710400000, 0x0000000710400000, 0x0000000710600000|  0%| F|  |TAMS 0x0000000710400000, 0x0000000710400000| Untracked 
|  99|0x0000000710600000, 0x0000000710600000, 0x0000000710800000|  0%| F|  |TAMS 0x0000000710600000, 0x0000000710600000| Untracked 
| 100|0x0000000710800000, 0x0000000710800000, 0x0000000710a00000|  0%| F|  |TAMS 0x0000000710800000, 0x0000000710800000| Untracked 
| 101|0x0000000710a00000, 0x0000000710a00000, 0x0000000710c00000|  0%| F|  |TAMS 0x0000000710a00000, 0x0000000710a00000| Untracked 
| 102|0x0000000710c00000, 0x0000000710e00000, 0x0000000710e00000|100%| S|CS|TAMS 0x0000000710c00000, 0x0000000710c00000| Complete 
| 103|0x0000000710e00000, 0x0000000711000000, 0x0000000711000000|100%| S|CS|TAMS 0x0000000710e00000, 0x0000000710e00000| Complete 
| 104|0x0000000711000000, 0x0000000711200000, 0x0000000711200000|100%| S|CS|TAMS 0x0000000711000000, 0x0000000711000000| Complete 
| 105|0x0000000711200000, 0x0000000711200000, 0x0000000711400000|  0%| F|  |TAMS 0x0000000711200000, 0x0000000711200000| Untracked 
| 106|0x0000000711400000, 0x0000000711400000, 0x0000000711600000|  0%| F|  |TAMS 0x0000000711400000, 0x0000000711400000| Untracked 
| 107|0x0000000711600000, 0x0000000711600000, 0x0000000711800000|  0%| F|  |TAMS 0x0000000711600000, 0x0000000711600000| Untracked 
| 108|0x0000000711800000, 0x0000000711800000, 0x0000000711a00000|  0%| F|  |TAMS 0x0000000711800000, 0x0000000711800000| Untracked 
| 109|0x0000000711a00000, 0x0000000711a00000, 0x0000000711c00000|  0%| F|  |TAMS 0x0000000711a00000, 0x0000000711a00000| Untracked 
| 110|0x0000000711c00000, 0x0000000711c00000, 0x0000000711e00000|  0%| F|  |TAMS 0x0000000711c00000, 0x0000000711c00000| Untracked 
| 111|0x0000000711e00000, 0x0000000711e00000, 0x0000000712000000|  0%| F|  |TAMS 0x0000000711e00000, 0x0000000711e00000| Untracked 
| 112|0x0000000712000000, 0x0000000712000000, 0x0000000712200000|  0%| F|  |TAMS 0x0000000712000000, 0x0000000712000000| Untracked 
| 113|0x0000000712200000, 0x0000000712200000, 0x0000000712400000|  0%| F|  |TAMS 0x0000000712200000, 0x0000000712200000| Untracked 
| 114|0x0000000712400000, 0x0000000712400000, 0x0000000712600000|  0%| F|  |TAMS 0x0000000712400000, 0x0000000712400000| Untracked 
| 115|0x0000000712600000, 0x0000000712600000, 0x0000000712800000|  0%| F|  |TAMS 0x0000000712600000, 0x0000000712600000| Untracked 
| 116|0x0000000712800000, 0x0000000712800000, 0x0000000712a00000|  0%| F|  |TAMS 0x0000000712800000, 0x0000000712800000| Untracked 
| 117|0x0000000712a00000, 0x0000000712a00000, 0x0000000712c00000|  0%| F|  |TAMS 0x0000000712a00000, 0x0000000712a00000| Untracked 
| 118|0x0000000712c00000, 0x0000000712e00000, 0x0000000712e00000|100%| E|  |TAMS 0x0000000712c00000, 0x0000000712c00000| Complete 
| 119|0x0000000712e00000, 0x0000000713000000, 0x0000000713000000|100%| E|CS|TAMS 0x0000000712e00000, 0x0000000712e00000| Complete 
| 120|0x0000000713000000, 0x0000000713200000, 0x0000000713200000|100%| E|CS|TAMS 0x0000000713000000, 0x0000000713000000| Complete 
| 121|0x0000000713200000, 0x0000000713400000, 0x0000000713400000|100%| E|CS|TAMS 0x0000000713200000, 0x0000000713200000| Complete 
| 122|0x0000000713400000, 0x0000000713600000, 0x0000000713600000|100%| E|CS|TAMS 0x0000000713400000, 0x0000000713400000| Complete 
| 123|0x0000000713600000, 0x0000000713800000, 0x0000000713800000|100%| E|CS|TAMS 0x0000000713600000, 0x0000000713600000| Complete 
| 124|0x0000000713800000, 0x0000000713a00000, 0x0000000713a00000|100%| E|CS|TAMS 0x0000000713800000, 0x0000000713800000| Complete 
| 125|0x0000000713a00000, 0x0000000713c00000, 0x0000000713c00000|100%| E|CS|TAMS 0x0000000713a00000, 0x0000000713a00000| Complete 

Card table byte_map: [0x0000028e3c800000,0x0000028e3cfe0000] _byte_map_base: 0x0000028e38fe0000

Marking Bits (Prev, Next): (CMBitMap*) 0x0000028e22fb9640, (CMBitMap*) 0x0000028e22fb9680
 Prev Bits: [0x0000028e3d7c0000, 0x0000028e416c0000)
 Next Bits: [0x0000028e416c0000, 0x0000028e455c0000)

Polling page: 0x0000028e22d90000

Metaspace:

Usage:
  Non-class:     13.65 MB used.
      Class:      1.05 MB used.
       Both:     14.70 MB used.

Virtual space:
  Non-class space:       64.00 MB reserved,      13.75 MB ( 21%) committed,  1 nodes.
      Class space:        1.00 GB reserved,       1.12 MB ( <1%) committed,  1 nodes.
             Both:        1.06 GB reserved,      14.88 MB (  1%) committed. 

Chunk freelists:
   Non-Class:  1.88 MB
       Class:  2.89 MB
        Both:  4.77 MB

MaxMetaspaceSize: unlimited
CompressedClassSpaceSize: 1.00 GB
Initial GC threshold: 21.00 MB
Current GC threshold: 21.00 MB
CDS: on
MetaspaceReclaimPolicy: balanced
 - commit_granule_bytes: 65536.
 - commit_granule_words: 8192.
 - virtual_space_node_default_size: 8388608.
 - enlarge_chunks_in_place: 1.
 - new_chunks_are_fully_committed: 0.
 - uncommit_free_chunks: 1.
 - use_allocation_guard: 0.


Internal statistics:

num_allocs_failed_limit: 0.
num_arena_births: 124.
num_arena_deaths: 0.
num_vsnodes_births: 2.
num_vsnodes_deaths: 0.
num_space_committed: 234.
num_space_uncommitted: 0.
num_chunks_returned_to_freelist: 0.
num_chunks_taken_from_freelist: 414.
num_chunk_merges: 0.
num_chunk_splits: 319.
num_chunks_enlarged: 251.
num_inconsistent_stats: 0.

CodeHeap 'non-profiled nmethods': size=119168Kb used=1156Kb max_used=1156Kb free=118011Kb
 bounds [0x0000028e33c10000, 0x0000028e33e80000, 0x0000028e3b070000]
CodeHeap 'profiled nmethods': size=119104Kb used=4638Kb max_used=4638Kb free=114465Kb
 bounds [0x0000028e2c7c0000, 0x0000028e2cc50000, 0x0000028e33c10000]
CodeHeap 'non-nmethods': size=7488Kb used=3373Kb max_used=3412Kb free=4114Kb
 bounds [0x0000028e2c070000, 0x0000028e2c3d0000, 0x0000028e2c7c0000]
 total_blobs=3307 nmethods=2292 adapters=925
 compilation: enabled
              stopped_count=0, restarted_count=0
 full_count=0

Compilation events (20 events):
Event: 2.820 Thread 0x0000028e47c8c8f0 2285       3       processing.opengl.PShader::bindTextures (137 bytes)
Event: 2.821 Thread 0x0000028e47c8d310 nmethod 2282 0x0000028e2cc30790 code [0x0000028e2cc30ea0, 0x0000028e2cc345d8]
Event: 2.821 Thread 0x0000028e47c8d310 2286       1       processing.opengl.Texture::invertedX (5 bytes)
Event: 2.821 Thread 0x0000028e47c8d310 nmethod 2286 0x0000028e33d30210 code [0x0000028e33d303a0, 0x0000028e33d30478]
Event: 2.821 Thread 0x0000028e47c8d310 2287       1       processing.opengl.Texture::invertedY (5 bytes)
Event: 2.821 Thread 0x0000028e47c8b4b0 nmethod 2280 0x0000028e2cc35b10 code [0x0000028e2cc35fa0, 0x0000028e2cc38378]
Event: 2.821 Thread 0x0000028e47c8d310 nmethod 2287 0x0000028e33d30510 code [0x0000028e33d306a0, 0x0000028e33d30778]
Event: 2.821 Thread 0x0000028e47c8c8f0 nmethod 2285 0x0000028e2cc39090 code [0x0000028e2cc39400, 0x0000028e2cc3ad38]
Event: 2.821 Thread 0x0000028e47c7fb30 nmethod 2272 0x0000028e33d30810 code [0x0000028e33d309a0, 0x0000028e33d30bf8]
Event: 2.823 Thread 0x0000028e47c8dd30 nmethod 2284 0x0000028e2cc3b590 code [0x0000028e2cc3bfa0, 0x0000028e2cc43438]
Event: 2.835 Thread 0x0000028e47c8dd30 2288       3       processing.opengl.Texture::contextIsOutdated (30 bytes)
Event: 2.836 Thread 0x0000028e47c8dd30 nmethod 2288 0x0000028e2cc46210 code [0x0000028e2cc46400, 0x0000028e2cc46a98]
Event: 2.850 Thread 0x0000028e47c8dd30 2289       3       jogamp.opengl.GLDrawableImpl::getHandle (10 bytes)
Event: 2.850 Thread 0x0000028e47c8dd30 nmethod 2289 0x0000028e2cc46c90 code [0x0000028e2cc46e40, 0x0000028e2cc47028]
Event: 2.851 Thread 0x0000028e47c8dd30 2290       3       jogamp.opengl.glu.tessellator.Mesh::KillFace (49 bytes)
Event: 2.851 Thread 0x0000028e47c8dd30 nmethod 2290 0x0000028e2cc47110 code [0x0000028e2cc472c0, 0x0000028e2cc475d8]
Event: 2.900 Thread 0x0000028e47c8d310 2291       3       processing.core.PMatrix3D::set (94 bytes)
Event: 2.900 Thread 0x0000028e47c8d310 nmethod 2291 0x0000028e2cc47790 code [0x0000028e2cc47920, 0x0000028e2cc47ab8]
Event: 2.958 Thread 0x0000028e47c8c8f0 2292       1       jogamp.common.util.locks.RecursiveLockImpl01Unfairish$SingleThreadSync::getQSz (5 bytes)
Event: 2.958 Thread 0x0000028e47c8c8f0 nmethod 2292 0x0000028e33d30f90 code [0x0000028e33d31120, 0x0000028e33d311f8]

GC Heap History (4 events):
Event: 0.962 GC heap before
{Heap before GC invocations=0 (full 0):
 garbage-first heap   total 258048K, used 22528K [0x0000000704000000, 0x0000000800000000)
  region size 2048K, 11 young (22528K), 0 survivors (0K)
 Metaspace       used 11436K, committed 11584K, reserved 1114112K
  class space    used 809K, committed 896K, reserved 1048576K
}
Event: 0.969 GC heap after
{Heap after GC invocations=1 (full 0):
 garbage-first heap   total 258048K, used 2402K [0x0000000704000000, 0x0000000800000000)
  region size 2048K, 2 young (4096K), 2 survivors (4096K)
 Metaspace       used 11436K, committed 11584K, reserved 1114112K
  class space    used 809K, committed 896K, reserved 1048576K
}
Event: 2.193 GC heap before
{Heap before GC invocations=1 (full 0):
 garbage-first heap   total 258048K, used 51554K [0x0000000704000000, 0x0000000800000000)
  region size 2048K, 21 young (43008K), 2 survivors (4096K)
 Metaspace       used 14814K, committed 14976K, reserved 1114112K
  class space    used 1069K, committed 1152K, reserved 1048576K
}
Event: 2.198 GC heap after
{Heap after GC invocations=2 (full 0):
 garbage-first heap   total 258048K, used 24551K [0x0000000704000000, 0x0000000800000000)
  region size 2048K, 3 young (6144K), 3 survivors (6144K)
 Metaspace       used 14814K, committed 14976K, reserved 1114112K
  class space    used 1069K, committed 1152K, reserved 1048576K
}

Deoptimization events (20 events):
Event: 1.796 Thread 0x0000028e4c9f6010 DEOPT PACKING pc=0x0000028e33cb0848 sp=0x000000bfb9b8e700
Event: 1.796 Thread 0x0000028e4c9f6010 DEOPT UNPACKING pc=0x0000028e2c0c5c23 sp=0x000000bfb9b8e680 mode 2
Event: 2.047 Thread 0x0000028e4c9f6010 Uncommon trap: trap_request=0xffffff45 fr.pc=0x0000028e33c9474c relative=0x000000000000032c
Event: 2.047 Thread 0x0000028e4c9f6010 Uncommon trap: reason=unstable_if action=reinterpret pc=0x0000028e33c9474c method=java.lang.String.<init>([CIILjava/lang/Void;)V @ 5 c2
Event: 2.047 Thread 0x0000028e4c9f6010 DEOPT PACKING pc=0x0000028e33c9474c sp=0x000000bfb9b8e490
Event: 2.047 Thread 0x0000028e4c9f6010 DEOPT UNPACKING pc=0x0000028e2c0c5c23 sp=0x000000bfb9b8e488 mode 2
Event: 2.071 Thread 0x0000028e4c9f6010 Uncommon trap: trap_request=0xffffff3d fr.pc=0x0000028e33ccfd00 relative=0x0000000000000d20
Event: 2.071 Thread 0x0000028e4c9f6010 Uncommon trap: reason=unstable_fused_if action=reinterpret pc=0x0000028e33ccfd00 method=java.util.regex.Pattern.atom()Ljava/util/regex/Pattern$Node; @ 14 c2
Event: 2.071 Thread 0x0000028e4c9f6010 DEOPT PACKING pc=0x0000028e33ccfd00 sp=0x000000bfb9b8dfd0
Event: 2.071 Thread 0x0000028e4c9f6010 DEOPT UNPACKING pc=0x0000028e2c0c5c23 sp=0x000000bfb9b8df68 mode 2
Event: 2.136 Thread 0x0000028e4c9f6010 Uncommon trap: trap_request=0xffffff45 fr.pc=0x0000028e33cc2610 relative=0x0000000000001030
Event: 2.136 Thread 0x0000028e4c9f6010 Uncommon trap: reason=unstable_if action=reinterpret pc=0x0000028e33cc2610 method=processing.opengl.PGraphicsOpenGL$InGeometry.addVertex(FFFIFFFFFIFIIIFIZ)I @ 384 c2
Event: 2.136 Thread 0x0000028e4c9f6010 DEOPT PACKING pc=0x0000028e33cc2610 sp=0x000000bfb9b8e680
Event: 2.136 Thread 0x0000028e4c9f6010 DEOPT UNPACKING pc=0x0000028e2c0c5c23 sp=0x000000bfb9b8e5b8 mode 2
Event: 2.819 Thread 0x0000028e4c9f6010 DEOPT PACKING pc=0x0000028e2cbc00ef sp=0x000000bfb9b8e510
Event: 2.819 Thread 0x0000028e4c9f6010 DEOPT UNPACKING pc=0x0000028e2c0c6763 sp=0x000000bfb9b8d968 mode 0
Event: 2.958 Thread 0x0000028e5f8cb890 Uncommon trap: trap_request=0xffffff45 fr.pc=0x0000028e33cbe860 relative=0x0000000000000060
Event: 2.958 Thread 0x0000028e5f8cb890 Uncommon trap: reason=unstable_if action=reinterpret pc=0x0000028e33cbe860 method=java.util.HashMap.keySet()Ljava/util/Set; @ 6 c2
Event: 2.958 Thread 0x0000028e5f8cb890 DEOPT PACKING pc=0x0000028e33cbe860 sp=0x000000bfb8c8f360
Event: 2.958 Thread 0x0000028e5f8cb890 DEOPT UNPACKING pc=0x0000028e2c0c5c23 sp=0x000000bfb8c8f2f8 mode 2

Classes loaded (20 events):
Event: 1.770 Loading class sun/java2d/marlin/Helpers
Event: 1.770 Loading class sun/java2d/marlin/Helpers done
Event: 1.770 Loading class sun/java2d/marlin/ArrayCacheConst
Event: 1.770 Loading class sun/java2d/marlin/ArrayCacheConst done
Event: 1.849 Loading class java/lang/StrictMath
Event: 1.849 Loading class java/lang/StrictMath done
Event: 1.866 Loading class java/util/NoSuchElementException
Event: 1.866 Loading class java/util/NoSuchElementException done
Event: 2.047 Loading class java/util/regex/Pattern$LookBehindEndNode
Event: 2.047 Loading class java/util/regex/Pattern$LookBehindEndNode done
Event: 2.047 Loading class java/util/regex/Pattern$NotBehind
Event: 2.047 Loading class java/util/regex/Pattern$NotBehind done
Event: 2.047 Loading class java/util/regex/Pattern$Neg
Event: 2.047 Loading class java/util/regex/Pattern$Neg done
Event: 2.047 Loading class java/util/regex/Pattern$Pos
Event: 2.047 Loading class java/util/regex/Pattern$Pos done
Event: 2.051 Loading class java/util/regex/Pattern$SliceS
Event: 2.051 Loading class java/util/regex/Pattern$SliceS done
Event: 2.935 Loading class java/nio/channels/ClosedChannelException
Event: 2.935 Loading class java/nio/channels/ClosedChannelException done

Classes unloaded (0 events):
No events

Classes redefined (0 events):
No events

Internal exceptions (20 events):
Event: 0.301 Thread 0x0000028e22f48d10 Exception <a 'java/io/FileNotFoundException'{0x00000007139b6908}> (0x00000007139b6908) 
thrown [s\open\src\hotspot\share\prims\jni.cpp, line 516]
Event: 0.306 Thread 0x0000028e22f48d10 Exception <a 'java/io/FileNotFoundException'{0x00000007139e38c8}> (0x00000007139e38c8) 
thrown [s\open\src\hotspot\share\prims\jni.cpp, line 516]
Event: 0.334 Thread 0x0000028e22f48d10 Exception <a 'java/lang/NoSuchMethodError'{0x000000071367e978}: 'java.lang.Object java.lang.invoke.DirectMethodHandle$Holder.invokeStaticInit(java.lang.Object)'> (0x000000071367e978) 
thrown [s\open\src\hotspot\share\interpreter\linkResolver.cpp, line 759]
Event: 0.517 Thread 0x0000028e22f48d10 Exception <a 'java/lang/NoSuchMethodError'{0x00000007132641f0}: 'java.lang.Object java.lang.invoke.DirectMethodHandle$Holder.invokeInterface(java.lang.Object, java.lang.Object)'> (0x00000007132641f0) 
thrown [s\open\src\hotspot\share\interpreter\linkResolver.cpp, line 759]
Event: 0.518 Thread 0x0000028e22f48d10 Exception <a 'java/lang/IncompatibleClassChangeError'{0x0000000713267a80}: Found class java.lang.Object, but interface was expected> (0x0000000713267a80) 
thrown [s\open\src\hotspot\share\interpreter\linkResolver.cpp, line 826]
Event: 0.536 Thread 0x0000028e22f48d10 Exception <a 'java/lang/NoSuchMethodError'{0x000000071332d2d0}: 'java.lang.Object java.lang.invoke.DirectMethodHandle$Holder.invokeStaticInit(java.lang.Object, int, int, int, int)'> (0x000000071332d2d0) 
thrown [s\open\src\hotspot\share\interpreter\linkResolver.cpp, line 759]
Event: 0.559 Thread 0x0000028e22f48d10 Exception <a 'java/lang/NoSuchMethodError'{0x00000007133bfe00}: 'java.lang.Object java.lang.invoke.DirectMethodHandle$Holder.invokeStaticInit(java.lang.Object, java.lang.Object, int, int, int, int)'> (0x00000007133bfe00) 
thrown [s\open\src\hotspot\share\interpreter\linkResolver.cpp, line 759]
Event: 0.586 Thread 0x0000028e22f48d10 Exception <a 'java/lang/NoSuchMethodError'{0x00000007133d8d88}: 'void java.lang.invoke.DirectMethodHandle$Holder.invokeStatic(java.lang.Object, long)'> (0x00000007133d8d88) 
thrown [s\open\src\hotspot\share\interpreter\linkResolver.cpp, line 759]
Event: 0.586 Thread 0x0000028e22f48d10 Exception <a 'java/lang/NoSuchMethodError'{0x00000007133de368}: 'java.lang.Object java.lang.invoke.DirectMethodHandle$Holder.newInvokeSpecial(java.lang.Object, long)'> (0x00000007133de368) 
thrown [s\open\src\hotspot\share\interpreter\linkResolver.cpp, line 759]
Event: 0.588 Thread 0x0000028e22f48d10 Exception <a 'java/lang/NoSuchMethodError'{0x00000007133e8d50}: 'java.lang.Object java.lang.invoke.DirectMethodHandle$Holder.invokeStaticInit(java.lang.Object, java.lang.Object, long, java.lang.Object)'> (0x00000007133e8d50) 
thrown [s\open\src\hotspot\share\interpreter\linkResolver.cpp, line 759]
Event: 0.588 Thread 0x0000028e22f48d10 Exception <a 'java/lang/NoSuchMethodError'{0x00000007133ef310}: 'java.lang.Object java.lang.invoke.DirectMethodHandle$Holder.newInvokeSpecial(java.lang.Object, java.lang.Object, long)'> (0x00000007133ef310) 
thrown [s\open\src\hotspot\share\interpreter\linkResolver.cpp, line 759]
Event: 0.588 Thread 0x0000028e22f48d10 Exception <a 'java/lang/NoSuchMethodError'{0x00000007133f2e88}: 'java.lang.Object java.lang.invoke.Invokers$Holder.linkToTargetMethod(java.lang.Object, long, java.lang.Object)'> (0x00000007133f2e88) 
thrown [s\open\src\hotspot\share\interpreter\linkResolver.cpp, line 759]
Event: 0.621 Thread 0x0000028e22f48d10 Exception <a 'java/lang/NoSuchMethodError'{0x000000071302eab0}: 'int java.lang.invoke.DirectMethodHandle$Holder.invokeStatic(java.lang.Object)'> (0x000000071302eab0) 
thrown [s\open\src\hotspot\share\interpreter\linkResolver.cpp, line 759]
Event: 0.621 Thread 0x0000028e22f48d10 Exception <a 'java/lang/NoSuchMethodError'{0x0000000713032b30}: 'int java.lang.invoke.DelegatingMethodHandle$Holder.reinvoke_L(java.lang.Object)'> (0x0000000713032b30) 
thrown [s\open\src\hotspot\share\interpreter\linkResolver.cpp, line 759]
Event: 0.793 Thread 0x0000028e22f48d10 Exception <a 'java/lang/NoSuchMethodError'{0x000000071297c048}: 'long java.lang.invoke.DelegatingMethodHandle$Holder.reinvoke_L(java.lang.Object, java.lang.Object)'> (0x000000071297c048) 
thrown [s\open\src\hotspot\share\interpreter\linkResolver.cpp, line 759]
Event: 0.794 Thread 0x0000028e22f48d10 Exception <a 'java/lang/NoSuchMethodError'{0x0000000712986320}: 'void java.lang.invoke.DelegatingMethodHandle$Holder.reinvoke_L(java.lang.Object, java.lang.Object, long)'> (0x0000000712986320) 
thrown [s\open\src\hotspot\share\interpreter\linkResolver.cpp, line 759]
Event: 1.160 Thread 0x0000028e54391010 Exception <a 'java/lang/NoSuchMethodError'{0x0000000713354d68}: 'long java.lang.invoke.Invokers$Holder.invokeExact_MT(java.lang.Object, java.lang.Object, java.lang.Object)'> (0x0000000713354d68) 
thrown [s\open\src\hotspot\share\interpreter\linkResolver.cpp, line 759]
Event: 1.168 Thread 0x0000028e54391010 Implicit null exception at 0x0000028e33c78195 to 0x0000028e33c78460
Event: 1.168 Thread 0x0000028e54391010 Exception <a 'java/lang/NoSuchMethodError'{0x000000071305f468}: 'void java.lang.invoke.DirectMethodHandle$Holder.invokeSpecial(java.lang.Object, java.lang.Object, java.lang.Object)'> (0x000000071305f468) 
thrown [s\open\src\hotspot\share\interpreter\linkResolver.cpp, line 759]
Event: 2.934 Thread 0x0000028e548c5c40 Exception <a 'java/lang/InterruptedException'{0x0000000712cb34f0}> (0x0000000712cb34f0) 
thrown [s\open\src\hotspot\share\runtime\objectMonitor.cpp, line 1661]

VM Operations (20 events):
Event: 0.526 Executing VM operation: HandshakeAllThreads done
Event: 0.542 Executing VM operation: HandshakeAllThreads
Event: 0.542 Executing VM operation: HandshakeAllThreads done
Event: 0.563 Executing VM operation: HandshakeAllThreads
Event: 0.563 Executing VM operation: HandshakeAllThreads done
Event: 0.621 Executing VM operation: HandshakeAllThreads
Event: 0.621 Executing VM operation: HandshakeAllThreads done
Event: 0.962 Executing VM operation: G1CollectForAllocation
Event: 0.969 Executing VM operation: G1CollectForAllocation done
Event: 0.969 Executing VM operation: Cleanup
Event: 0.969 Executing VM operation: Cleanup done
Event: 1.624 Executing VM operation: HandshakeAllThreads
Event: 1.624 Executing VM operation: HandshakeAllThreads done
Event: 1.721 Executing VM operation: HandshakeAllThreads
Event: 1.721 Executing VM operation: HandshakeAllThreads done
Event: 2.193 Executing VM operation: G1CollectForAllocation
Event: 2.198 Executing VM operation: G1CollectForAllocation done
Event: 2.198 Executing VM operation: Cleanup
Event: 2.198 Executing VM operation: Cleanup done
Event: 3.036 Executing VM operation: Exit

Events (20 events):
Event: 2.073 Thread 0x0000028e47c8afa0 Thread added: 0x0000028e47c8afa0
Event: 2.474 Thread 0x0000028e47c8afa0 Thread exited: 0x0000028e47c8afa0
Event: 2.474 Thread 0x0000028e47c8a580 Thread exited: 0x0000028e47c8a580
Event: 2.475 Thread 0x0000028e47c8aa90 Thread exited: 0x0000028e47c8aa90
Event: 2.475 Thread 0x0000028e47c8ce00 Thread exited: 0x0000028e47c8ce00
Event: 2.658 Thread 0x0000028e5ea00b80 Thread added: 0x0000028e5ea00b80
Event: 2.673 Thread 0x0000028e5ea066a0 Thread added: 0x0000028e5ea066a0
Event: 2.900 Thread 0x0000028e5ea066a0 Thread exited: 0x0000028e5ea066a0
Event: 2.900 Thread 0x0000028e5ea00b80 Thread exited: 0x0000028e5ea00b80
Event: 2.934 Thread 0x0000028e5f8c7a00 Thread added: 0x0000028e5f8c7a00
Event: 2.934 Thread 0x0000028e5f8ccbd0 Thread added: 0x0000028e5f8ccbd0
Event: 2.934 Thread 0x0000028e5f8cb890 Thread added: 0x0000028e5f8cb890
Event: 2.934 Thread 0x0000028e548c5c40 Thread exited: 0x0000028e548c5c40
Event: 2.935 Thread 0x0000028e5f8c8870 Thread added: 0x0000028e5f8c8870
Event: 2.935 Thread 0x0000028e5407ff50 Thread exited: 0x0000028e5407ff50
Event: 2.935 Thread 0x0000028e5f8ccbd0 Thread exited: 0x0000028e5f8ccbd0
Event: 2.947 Thread 0x0000028e4d118240 Thread exited: 0x0000028e4d118240
Event: 2.963 Thread 0x0000028e54391010 Thread exited: 0x0000028e54391010
Event: 2.966 Thread 0x0000028e5f8cb890 Thread exited: 0x0000028e5f8cb890
Event: 3.036 Thread 0x0000028e5f8c7a00 Thread exited: 0x0000028e5f8c7a00


Dynamic libraries:
0x00007ff706ea0000 - 0x00007ff706eb0000 	C:\Program Files\Java\jdk-18.0.2\bin\java.exe
0x00007ffbb6ec0000 - 0x00007ffbb70c9000 	C:\Windows\SYSTEM32\ntdll.dll
0x00007ffbb58b0000 - 0x00007ffbb596d000 	C:\Windows\System32\KERNEL32.DLL
0x00007ffbb43a0000 - 0x00007ffbb471d000 	C:\Windows\System32\KERNELBASE.dll
0x00007ffbb4720000 - 0x00007ffbb4831000 	C:\Windows\System32\ucrtbase.dll
0x00007ffba5e60000 - 0x00007ffba5e78000 	C:\Program Files\Java\jdk-18.0.2\bin\jli.dll
0x00007ffba5e00000 - 0x00007ffba5e1a000 	C:\Program Files\Java\jdk-18.0.2\bin\VCRUNTIME140.dll
0x00007ffbb6c10000 - 0x00007ffbb6cbe000 	C:\Windows\System32\ADVAPI32.dll
0x00007ffbb5230000 - 0x00007ffbb52d3000 	C:\Windows\System32\msvcrt.dll
0x00007ffbb6870000 - 0x00007ffbb690e000 	C:\Windows\System32\sechost.dll
0x00007ffbb5970000 - 0x00007ffbb5a90000 	C:\Windows\System32\RPCRT4.dll
0x00007ffbb4e30000 - 0x00007ffbb4fdd000 	C:\Windows\System32\USER32.dll
0x00007ffb9f240000 - 0x00007ffb9f4e5000 	C:\Windows\WinSxS\amd64_microsoft.windows.common-controls_6595b64144ccf1df_6.0.22000.120_none_9d947278b86cc467\COMCTL32.dll
0x00007ffbb4980000 - 0x00007ffbb49a6000 	C:\Windows\System32\win32u.dll
0x00007ffbb4d90000 - 0x00007ffbb4db9000 	C:\Windows\System32\GDI32.dll
0x00007ffbb4bc0000 - 0x00007ffbb4cd8000 	C:\Windows\System32\gdi32full.dll
0x00007ffbb49b0000 - 0x00007ffbb4a4d000 	C:\Windows\System32\msvcp_win.dll
0x00007ffbaa2a0000 - 0x00007ffbaa2aa000 	C:\Windows\SYSTEM32\VERSION.dll
0x00007ffbb5aa0000 - 0x00007ffbb5ad1000 	C:\Windows\System32\IMM32.DLL
0x00007ffbafb50000 - 0x00007ffbafb5c000 	C:\Program Files\Java\jdk-18.0.2\bin\vcruntime140_1.dll
0x00007ffb66830000 - 0x00007ffb668bd000 	C:\Program Files\Java\jdk-18.0.2\bin\msvcp140.dll
0x00007ffb45b50000 - 0x00007ffb46761000 	C:\Program Files\Java\jdk-18.0.2\bin\server\jvm.dll
0x00007ffbb4d50000 - 0x00007ffbb4d58000 	C:\Windows\System32\PSAPI.DLL
0x00007ffbafb40000 - 0x00007ffbafb49000 	C:\Windows\SYSTEM32\WSOCK32.dll
0x00007ffbabbb0000 - 0x00007ffbabbe3000 	C:\Windows\SYSTEM32\WINMM.dll
0x00007ffbb5830000 - 0x00007ffbb589f000 	C:\Windows\System32\WS2_32.dll
0x00007ffbb3570000 - 0x00007ffbb3588000 	C:\Windows\SYSTEM32\kernel.appcore.dll
0x00007ffbafab0000 - 0x00007ffbafaba000 	C:\Program Files\Java\jdk-18.0.2\bin\jimage.dll
0x00007ffbb1ab0000 - 0x00007ffbb1cd1000 	C:\Windows\SYSTEM32\DBGHELP.DLL
0x00007ffbaa260000 - 0x00007ffbaa291000 	C:\Windows\SYSTEM32\dbgcore.DLL
0x00007ffbb4900000 - 0x00007ffbb497f000 	C:\Windows\System32\bcryptPrimitives.dll
0x00007ffba29e0000 - 0x00007ffba2a1b000 	C:\Program Files\Java\jdk-18.0.2\bin\jdwp.dll
0x00007ffba1130000 - 0x00007ffba1155000 	C:\Program Files\Java\jdk-18.0.2\bin\java.dll
0x00007ffb65e20000 - 0x00007ffb65ef6000 	C:\Program Files\Java\jdk-18.0.2\bin\jsvml.dll
0x00007ffbb6000000 - 0x00007ffbb67b8000 	C:\Windows\System32\SHELL32.dll
0x00007ffbb24f0000 - 0x00007ffbb2d58000 	C:\Windows\SYSTEM32\windows.storage.dll
0x00007ffbb5ae0000 - 0x00007ffbb5e59000 	C:\Windows\System32\combase.dll
0x00007ffbb2380000 - 0x00007ffbb24e6000 	C:\Windows\SYSTEM32\wintypes.dll
0x00007ffbb5060000 - 0x00007ffbb514a000 	C:\Windows\System32\SHCORE.dll
0x00007ffbb6b20000 - 0x00007ffbb6b7d000 	C:\Windows\System32\shlwapi.dll
0x00007ffbb42d0000 - 0x00007ffbb42f1000 	C:\Windows\SYSTEM32\profapi.dll
0x00007ffbaddf0000 - 0x00007ffbaddfc000 	C:\Program Files\Java\jdk-18.0.2\bin\dt_socket.dll
0x00007ffbb3010000 - 0x00007ffbb303d000 	C:\Windows\SYSTEM32\IPHLPAPI.DLL
0x00007ffbb39c0000 - 0x00007ffbb3a27000 	C:\Windows\system32\mswsock.dll
0x00007ffbb3040000 - 0x00007ffbb3128000 	C:\Windows\SYSTEM32\DNSAPI.dll
0x00007ffbb5a90000 - 0x00007ffbb5a99000 	C:\Windows\System32\NSI.dll
0x00007ffbadbb0000 - 0x00007ffbadbba000 	C:\Windows\System32\rasadhlp.dll
0x00007ffbacfc0000 - 0x00007ffbad041000 	C:\Windows\System32\fwpuclnt.dll
0x00007ffba5da0000 - 0x00007ffba5db3000 	C:\Program Files\Java\jdk-18.0.2\bin\net.dll
0x00007ffbaeb20000 - 0x00007ffbaec2c000 	C:\Windows\SYSTEM32\WINHTTP.dll
0x00007ffba5d50000 - 0x00007ffba5d66000 	C:\Program Files\Java\jdk-18.0.2\bin\nio.dll
0x00007ffba2410000 - 0x00007ffba2428000 	C:\Program Files\Java\jdk-18.0.2\bin\zip.dll
0x00007ffb5ac80000 - 0x00007ffb5ae0f000 	C:\Program Files\Java\jdk-18.0.2\bin\awt.dll
0x00007ffbb52e0000 - 0x00007ffbb53b6000 	C:\Windows\System32\OLEAUT32.dll
0x00007ffbb14f0000 - 0x00007ffbb1581000 	C:\Windows\SYSTEM32\apphelp.dll
0x00007ffbb1640000 - 0x00007ffbb16ec000 	C:\Windows\system32\uxtheme.dll
0x00007ffbb6910000 - 0x00007ffbb6a2e000 	C:\Windows\System32\MSCTF.dll
0x00007ffbb5e60000 - 0x00007ffbb5ffa000 	C:\Windows\System32\ole32.dll
0x00007ffbb1d00000 - 0x00007ffbb1d2f000 	C:\Windows\system32\DWMAPI.DLL
0x00007ffba0af0000 - 0x00007ffba0bf1000 	C:\Windows\system32\opengl32.dll
0x00007ffba78c0000 - 0x00007ffba78ed000 	C:\Windows\SYSTEM32\GLU32.dll
0x00007ffbb1980000 - 0x00007ffbb19b8000 	C:\Windows\SYSTEM32\dxcore.dll
0x00007ffbb53c0000 - 0x00007ffbb582c000 	C:\Windows\System32\SETUPAPI.dll
0x00007ffbb40c0000 - 0x00007ffbb410c000 	C:\Windows\SYSTEM32\cfgmgr32.dll
0x00007ffba12f0000 - 0x00007ffba16b7000 	C:\Windows\System32\DriverStore\FileRepository\iigd_dch.inf_amd64_5aae77962096e828\igdgmm64.dll
0x00007ffbae4f0000 - 0x00007ffbae534000 	C:\Windows\SYSTEM32\directxdatabasehelper.dll
0x00007ffbb1d30000 - 0x00007ffbb1d64000 	C:\Windows\SYSTEM32\ntmarta.dll
0x00007ffbb3c60000 - 0x00007ffbb3c72000 	C:\Windows\SYSTEM32\msasn1.dll
0x00007ffba7da0000 - 0x00007ffba7dd1000 	C:\Windows\SYSTEM32\cryptnet.dll
0x00007ffbb4a50000 - 0x00007ffbb4bb2000 	C:\Windows\System32\CRYPT32.dll
0x00007ffba70d0000 - 0x00007ffba7219000 	C:\Windows\SYSTEM32\drvstore.dll
0x00007ffbb4070000 - 0x00007ffbb409c000 	C:\Windows\SYSTEM32\devobj.dll
0x00007ffbb3cd0000 - 0x00007ffbb3d10000 	C:\Windows\SYSTEM32\wldp.dll
0x00007ffbb3c00000 - 0x00007ffbb3c0c000 	C:\Windows\SYSTEM32\cryptbase.dll
0x00007ffbb4ce0000 - 0x00007ffbb4d47000 	C:\Windows\System32\WINTRUST.DLL
0x00007ffbb4d60000 - 0x00007ffbb4d7f000 	C:\Windows\System32\imagehlp.dll
0x00007ffbb3c10000 - 0x00007ffbb3c28000 	C:\Windows\SYSTEM32\CRYPTSP.dll
0x00007ffbb34c0000 - 0x00007ffbb34f5000 	C:\Windows\system32\rsaenh.dll
0x00007ffbb3d80000 - 0x00007ffbb3da7000 	C:\Windows\SYSTEM32\bcrypt.dll
0x00007ffb58d30000 - 0x00007ffb58ff7000 	C:\Windows\system32\nvspcap64.dll
0x00007ffbb3a50000 - 0x00007ffbb3a74000 	C:\Windows\SYSTEM32\gpapi.dll
0x00007ffbb3ab0000 - 0x00007ffbb3ad9000 	C:\Windows\SYSTEM32\USERENV.dll
0x00007ffbaeb00000 - 0x00007ffbaeb19000 	C:\Windows\SYSTEM32\dhcpcsvc6.DLL
0x00007ffbaed70000 - 0x00007ffbaed8e000 	C:\Windows\SYSTEM32\dhcpcsvc.DLL
0x00000000637c0000 - 0x00000000637cd000 	C:\Users\maste\AppData\Local\Temp\jogamp_0000\file_cache\jln12569278234388660886\jln15047579458778825556\natives\windows-amd64\gluegen-rt.dll
0x00007ffbab0a0000 - 0x00007ffbab0a7000 	C:\Program Files\Java\jdk-18.0.2\bin\jawt.dll
0x000000006a440000 - 0x000000006a44d000 	C:\Users\maste\AppData\Local\Temp\jogamp_0000\file_cache\jln12569278234388660886\jln15047579458778825556\natives\windows-amd64\nativewindow_awt.dll
0x000000006c100000 - 0x000000006c10f000 	C:\Users\maste\AppData\Local\Temp\jogamp_0000\file_cache\jln12569278234388660886\jln15047579458778825556\natives\windows-amd64\nativewindow_win32.dll
0x000000006cbc0000 - 0x000000006cbd3000 	C:\Users\maste\AppData\Local\Temp\jogamp_0000\file_cache\jln12569278234388660886\jln15047579458778825556\natives\windows-amd64\newt.dll
0x00007ffbabea0000 - 0x00007ffbabf58000 	C:\Windows\SYSTEM32\mscms.dll
0x00007ffb990b0000 - 0x00007ffb990f4000 	C:\Windows\SYSTEM32\icm32.dll
0x0000000064500000 - 0x00000000645b1000 	C:\Users\maste\AppData\Local\Temp\jogamp_0000\file_cache\jln12569278234388660886\jln15047579458778825556\natives\windows-amd64\jogl_desktop.dll
0x0000000064340000 - 0x00000000643a2000 	C:\Users\maste\AppData\Local\Temp\jogamp_0000\file_cache\jln12569278234388660886\jln15047579458778825556\natives\windows-amd64\jogl_mobile.dll
0x00007ffbb67c0000 - 0x00007ffbb686f000 	C:\Windows\System32\clbcatq.dll
0x00007ffbad0c0000 - 0x00007ffbad373000 	C:\Windows\System32\iertutil.dll
0x00007ffb13550000 - 0x00007ffb1453a000 	C:\Windows\System32\DriverStore\FileRepository\iigd_dch.inf_amd64_5aae77962096e828\igxelpicd64.dll
0x00007ffbb1770000 - 0x00007ffbb1863000 	C:\Windows\system32\dxgi.dll
0x00007ffb58430000 - 0x00007ffb58880000 	C:\Windows\System32\DriverStore\FileRepository\iigd_dch.inf_amd64_5aae77962096e828\igdml64.dll
0x00007ffb6ddc0000 - 0x00007ffb71392000 	C:\Windows\System32\DriverStore\FileRepository\iigd_dch.inf_amd64_5aae77962096e828\igc64.dll
0x00007ffbb2d70000 - 0x00007ffbb2dbd000 	C:\Windows\SYSTEM32\powrprof.dll
0x00007ffbb2e60000 - 0x00007ffbb2e73000 	C:\Windows\SYSTEM32\UMPDC.dll
0x00007ffb9e2f0000 - 0x00007ffb9e41d000 	C:\Windows\SYSTEM32\textinputframework.dll
0x00007ffbb07a0000 - 0x00007ffbb08d2000 	C:\Windows\SYSTEM32\CoreMessaging.dll
0x00007ffbad5a0000 - 0x00007ffbad90d000 	C:\Windows\SYSTEM32\CoreUIComponents.dll
0x00007ffba89e0000 - 0x00007ffba89f0000 	C:\Program Files\Java\jdk-18.0.2\bin\verify.dll
0x00007ffb66560000 - 0x00007ffb665e6000 	C:\Program Files\Java\jdk-18.0.2\bin\freetype.dll
0x00007ffb65350000 - 0x00007ffb653f8000 	C:\Program Files\Java\jdk-18.0.2\bin\fontmanager.dll

dbghelp: loaded successfully - version: 4.0.5 - missing functions: none
symbol engine: initialized successfully - sym options: 0x614 - pdb path: .;C:\Program Files\Java\jdk-18.0.2\bin;C:\Windows\SYSTEM32;C:\Windows\WinSxS\amd64_microsoft.windows.common-controls_6595b64144ccf1df_6.0.22000.120_none_9d947278b86cc467;C:\Program Files\Java\jdk-18.0.2\bin\server;C:\Windows\System32\DriverStore\FileRepository\iigd_dch.inf_amd64_5aae77962096e828;C:\Windows\System32\DriverStore\FileRepository\nvtf.inf_amd64_65563cbf7498e33c;C:\Users\maste\AppData\Local\Temp\jogamp_0000\file_cache\jln12569278234388660886\jln15047579458778825556\natives\windows-amd64

VM Arguments:
jvm_args: -agentlib:jdwp=transport=dt_socket,server=n,suspend=y,address=localhost:53924 -XX:+ShowCodeDetailsInExceptionMessages 
java_command: main.Launcher
java_class_path (initial): C:\Users\maste\Documents\Java\OldStuff\Words\bin;C:\Users\maste\Documents\Java\OldStuff\Words\library\core.jar;C:\Users\maste\Documents\Java\OldStuff\Words\library\gluegen-rt-natives-linux-aarch64.jar;C:\Users\maste\Documents\Java\OldStuff\Words\library\gluegen-rt-natives-linux-amd64.jar;C:\Users\maste\Documents\Java\OldStuff\Words\library\gluegen-rt-natives-linux-armv6hf.jar;C:\Users\maste\Documents\Java\OldStuff\Words\library\gluegen-rt-natives-linux-i586.jar;C:\Users\maste\Documents\Java\OldStuff\Words\library\gluegen-rt-natives-macosx-universal.jar;C:\Users\maste\Documents\Java\OldStuff\Words\library\gluegen-rt-natives-windows-amd64.jar;C:\Users\maste\Documents\Java\OldStuff\Words\library\gluegen-rt-natives-windows-i586.jar;C:\Users\maste\Documents\Java\OldStuff\Words\library\gluegen-rt.jar;C:\Users\maste\Documents\Java\OldStuff\Words\library\jogl-all-natives-linux-aarch64.jar;C:\Users\maste\Documents\Java\OldStuff\Words\library\jogl-all-natives-linux-amd64.jar;C:\Users\maste\Documents\Java\OldStuff\Words\library\jogl-all-natives-linux-armv6hf.jar;C:\Users\maste\Documents\Java\OldStuff\Words\library\jogl-all-natives-linux-i586.jar;C:\Users\maste\Documents\Java\OldStuff\Words\library\jogl-all-natives-macosx-universal.jar;C:\Users\maste\Documents\Java\OldStuff\Words\library\jogl-all-natives-windows-amd64.jar;C:\Users\maste\Documents\Java\OldStuff\Words\library\jogl-all-natives-windows-i586.jar;C:\Users\maste\Documents\Java\OldStuff\Words\library\jogl-all.jar;C:\Users\maste\Documents\Java\OldStuff\Words\library\minim\jsminim.jar;C:\Users\maste\Documents\Java\OldStuff\Words\library\minim\minim.jar;C:\Users\maste\Documents\Java\OldStuff\Words\library\minim\mp3spi1.9.4.jar;C:\Users\maste\Documents\Java\OldStuff\Words\library\minim\tritonus_aos.jar;C:\Users\maste\Documents\Java\OldStuff\Words\library\minim\tritonus_share.jar;C:\Users\maste\Documents\Java\OldStuff\Words\library\json-simple-1.1.1.jar
Launcher Type: SUN_STANDARD

[Global flags]
     intx CICompilerCount                          = 12                                        {product} {ergonomic}
     uint ConcGCThreads                            = 3                                         {product} {ergonomic}
     uint G1ConcRefinementThreads                  = 13                                        {product} {ergonomic}
   size_t G1HeapRegionSize                         = 2097152                                   {product} {ergonomic}
    uintx GCDrainStackTargetSize                   = 64                                        {product} {ergonomic}
   size_t InitialHeapSize                          = 264241152                                 {product} {ergonomic}
   size_t MarkStackSize                            = 4194304                                   {product} {ergonomic}
   size_t MaxHeapSize                              = 4227858432                                {product} {ergonomic}
   size_t MaxNewSize                               = 2535456768                                {product} {ergonomic}
   size_t MinHeapDeltaBytes                        = 2097152                                   {product} {ergonomic}
   size_t MinHeapSize                              = 8388608                                   {product} {ergonomic}
    uintx NonNMethodCodeHeapSize                   = 7602480                                {pd product} {ergonomic}
    uintx NonProfiledCodeHeapSize                  = 122027880                              {pd product} {ergonomic}
    uintx ProfiledCodeHeapSize                     = 122027880                              {pd product} {ergonomic}
    uintx ReservedCodeCacheSize                    = 251658240                              {pd product} {ergonomic}
     bool SegmentedCodeCache                       = true                                      {product} {ergonomic}
     bool ShowCodeDetailsInExceptionMessages       = true                                   {manageable} {command line}
   size_t SoftMaxHeapSize                          = 4227858432                             {manageable} {ergonomic}
     bool UseCompressedClassPointers               = true                           {product lp64_product} {ergonomic}
     bool UseCompressedOops                        = true                           {product lp64_product} {ergonomic}
     bool UseG1GC                                  = true                                      {product} {ergonomic}
     bool UseLargePagesIndividualAllocation        = false                                  {pd product} {ergonomic}

Logging:
Log output configuration:
 #0: stdout all=off uptime,level,tags foldmultilines=false
 #1: stderr all=off uptime,level,tags foldmultilines=false

Environment Variables:
PATH=C:\Program Files\Common Files\Oracle\Java\javapath;C:\Windows\system32;C:\Windows;C:\Windows\System32\Wbem;C:\Windows\System32\WindowsPowerShell\v1.0\;C:\Windows\System32\OpenSSH\;C:\Program Files (x86)\NVIDIA Corporation\PhysX\Common;C:\Program Files\NVIDIA Corporation\NVIDIA NvDLISR;C:\Program Files\Git\cmd;C:\Program Files\dotnet\;C:\Users\maste\AppData\Local\Microsoft\WindowsApps;C:\Users\maste\AppData\Local\atom\bin;C:\Users\maste\AppData\Local\Programs\Microsoft VS Code\bin;C:\Program Files\Java\jdk-18.0.2\bin;
USERNAME=maste
LANG=en_US.UTF-8
OS=Windows_NT
PROCESSOR_IDENTIFIER=Intel64 Family 6 Model 141 Stepping 1, GenuineIntel



---------------  S Y S T E M  ---------------

OS:
 Windows 11 , 64 bit Build 22000 (10.0.22000.708)
OS uptime: 14 days 2:54 hours
Hyper-V role detected

CPU: total 16 (initial active 16) (8 cores per cpu, 2 threads per core) family 6 model 141 stepping 1 microcode 0x34, cx8, cmov, fxsr, ht, mmx, 3dnowpref, sse, sse2, sse3, ssse3, sse4.1, sse4.2, popcnt, lzcnt, tsc, tscinvbit, avx, avx2, aes, erms, clmul, bmi1, bmi2, adx, avx512f, avx512dq, avx512cd, avx512bw, avx512vl, sha, fma, vzeroupper, avx512_vpopcntdq, avx512_vpclmulqdq, avx512_vaes, avx512_vnni, clflush, clflushopt, clwb, avx512_vbmi2, avx512_vbmi, hv

Memory: 4k page, system-wide physical 16125M (3449M free)
TotalPageFile size 24066M (AvailPageFile size 3223M)
current process WorkingSet (physical memory assigned to process): 387M, peak: 404M
current process commit charge ("private bytes"): 557M, peak: 581M

vm_info: Java HotSpot(TM) 64-Bit Server VM (18.0.2+9-61) for windows-amd64 JRE (18.0.2+9-61), built on Jun  7 2022 13:09:01 by "mach5one" with MS VC++ 16.8 / 16.9 (VS2019)

END.
